[2026-03-22 00:32:30] [INFO] utils.seed: All random seeds set to 42
[2026-03-22 00:32:30] [INFO] utils.seed: Using Apple MPS (Metal Performance Shaders)
[2026-03-22 00:46:18] [INFO] utils.seed: All random seeds set to 42
[2026-03-22 00:46:18] [INFO] utils.seed: Using Apple MPS (Metal Performance Shaders)
[2026-03-22 00:47:24] [INFO] utils.seed: All random seeds set to 42
[2026-03-22 00:47:24] [INFO] utils.seed: Using Apple MPS (Metal Performance Shaders)
[2026-03-22 00:47:42] [INFO] __main__: Loading TRivia-3B from opendatalab/TRivia-3B on mps
[2026-03-22 00:47:43] [INFO] httpx: HTTP Request: HEAD https://huggingface.co/opendatalab/TRivia-3B/resolve/main/config.json "HTTP/1.1 307 Temporary Redirect"
[2026-03-22 00:47:43] [INFO] httpx: HTTP Request: HEAD https://huggingface.co/api/resolve-cache/models/opendatalab/TRivia-3B/fcf890f3869afaa9fc768a14e72ab1ff46bfc813/config.json "HTTP/1.1 200 OK"
[2026-03-22 00:47:43] [INFO] httpx: HTTP Request: GET https://huggingface.co/api/resolve-cache/models/opendatalab/TRivia-3B/fcf890f3869afaa9fc768a14e72ab1ff46bfc813/config.json "HTTP/1.1 200 OK"
[2026-03-22 00:47:43] [INFO] httpx: HTTP Request: HEAD https://huggingface.co/opendatalab/TRivia-3B/resolve/main/model.safetensors "HTTP/1.1 404 Not Found"
[2026-03-22 00:47:43] [INFO] httpx: HTTP Request: HEAD https://huggingface.co/opendatalab/TRivia-3B/resolve/main/model.safetensors.index.json "HTTP/1.1 307 Temporary Redirect"
[2026-03-22 00:47:44] [INFO] httpx: HTTP Request: HEAD https://huggingface.co/api/resolve-cache/models/opendatalab/TRivia-3B/fcf890f3869afaa9fc768a14e72ab1ff46bfc813/model.safetensors.index.json "HTTP/1.1 200 OK"
[2026-03-22 00:47:44] [INFO] httpx: HTTP Request: GET https://huggingface.co/api/resolve-cache/models/opendatalab/TRivia-3B/fcf890f3869afaa9fc768a14e72ab1ff46bfc813/model.safetensors.index.json "HTTP/1.1 200 OK"
[2026-03-22 00:47:44] [INFO] httpx: HTTP Request: GET https://huggingface.co/api/models/opendatalab/TRivia-3B/revision/main "HTTP/1.1 200 OK"
[2026-03-22 00:47:44] [INFO] httpx: HTTP Request: HEAD https://huggingface.co/opendatalab/TRivia-3B/resolve/fcf890f3869afaa9fc768a14e72ab1ff46bfc813/model-00002-of-00002.safetensors "HTTP/1.1 302 Found"
[2026-03-22 00:47:44] [INFO] httpx: HTTP Request: HEAD https://huggingface.co/opendatalab/TRivia-3B/resolve/fcf890f3869afaa9fc768a14e72ab1ff46bfc813/model-00001-of-00002.safetensors "HTTP/1.1 302 Found"
[2026-03-22 00:47:44] [INFO] httpx: HTTP Request: GET https://huggingface.co/api/models/opendatalab/TRivia-3B/xet-read-token/fcf890f3869afaa9fc768a14e72ab1ff46bfc813 "HTTP/1.1 200 OK"
[2026-03-22 00:47:44] [INFO] httpx: HTTP Request: GET https://huggingface.co/api/models/opendatalab/TRivia-3B/xet-read-token/fcf890f3869afaa9fc768a14e72ab1ff46bfc813 "HTTP/1.1 200 OK"
[2026-03-22 00:48:56] [INFO] utils.seed: All random seeds set to 42
[2026-03-22 00:48:56] [INFO] utils.seed: Using Apple MPS (Metal Performance Shaders)
[2026-03-22 00:48:57] [INFO] __main__: Loading TRivia-3B from opendatalab/TRivia-3B on mps
[2026-03-22 00:48:57] [INFO] httpx: HTTP Request: HEAD https://huggingface.co/opendatalab/TRivia-3B/resolve/main/config.json "HTTP/1.1 307 Temporary Redirect"
[2026-03-22 00:48:57] [INFO] httpx: HTTP Request: HEAD https://huggingface.co/api/resolve-cache/models/opendatalab/TRivia-3B/fcf890f3869afaa9fc768a14e72ab1ff46bfc813/config.json "HTTP/1.1 200 OK"
[2026-03-22 00:48:58] [INFO] httpx: HTTP Request: HEAD https://huggingface.co/opendatalab/TRivia-3B/resolve/main/model.safetensors "HTTP/1.1 404 Not Found"
[2026-03-22 00:48:58] [INFO] httpx: HTTP Request: HEAD https://huggingface.co/opendatalab/TRivia-3B/resolve/main/model.safetensors.index.json "HTTP/1.1 307 Temporary Redirect"
[2026-03-22 00:48:58] [INFO] httpx: HTTP Request: HEAD https://huggingface.co/api/resolve-cache/models/opendatalab/TRivia-3B/fcf890f3869afaa9fc768a14e72ab1ff46bfc813/model.safetensors.index.json "HTTP/1.1 200 OK"
[2026-03-22 00:48:58] [INFO] httpx: HTTP Request: GET https://huggingface.co/api/models/opendatalab/TRivia-3B/revision/main "HTTP/1.1 200 OK"
[2026-03-22 00:48:58] [INFO] httpx: HTTP Request: HEAD https://huggingface.co/opendatalab/TRivia-3B/resolve/fcf890f3869afaa9fc768a14e72ab1ff46bfc813/model-00001-of-00002.safetensors "HTTP/1.1 302 Found"
[2026-03-22 00:48:58] [INFO] httpx: HTTP Request: HEAD https://huggingface.co/opendatalab/TRivia-3B/resolve/fcf890f3869afaa9fc768a14e72ab1ff46bfc813/model-00002-of-00002.safetensors "HTTP/1.1 302 Found"
[2026-03-22 00:48:58] [INFO] httpx: HTTP Request: GET https://huggingface.co/api/models/opendatalab/TRivia-3B/xet-read-token/fcf890f3869afaa9fc768a14e72ab1ff46bfc813 "HTTP/1.1 200 OK"
[2026-03-22 00:48:58] [INFO] httpx: HTTP Request: GET https://huggingface.co/api/models/opendatalab/TRivia-3B/xet-read-token/fcf890f3869afaa9fc768a14e72ab1ff46bfc813 "HTTP/1.1 200 OK"
[2026-03-22 01:00:13] [INFO] httpx: HTTP Request: HEAD https://huggingface.co/opendatalab/TRivia-3B/resolve/main/generation_config.json "HTTP/1.1 307 Temporary Redirect"
[2026-03-22 01:00:13] [INFO] httpx: HTTP Request: HEAD https://huggingface.co/api/resolve-cache/models/opendatalab/TRivia-3B/fcf890f3869afaa9fc768a14e72ab1ff46bfc813/generation_config.json "HTTP/1.1 200 OK"
[2026-03-22 01:00:14] [INFO] httpx: HTTP Request: GET https://huggingface.co/api/resolve-cache/models/opendatalab/TRivia-3B/fcf890f3869afaa9fc768a14e72ab1ff46bfc813/generation_config.json "HTTP/1.1 200 OK"
[2026-03-22 01:00:15] [INFO] httpx: HTTP Request: HEAD https://huggingface.co/opendatalab/TRivia-3B/resolve/main/processor_config.json "HTTP/1.1 404 Not Found"
[2026-03-22 01:00:15] [INFO] httpx: HTTP Request: HEAD https://huggingface.co/opendatalab/TRivia-3B/resolve/main/preprocessor_config.json "HTTP/1.1 307 Temporary Redirect"
[2026-03-22 01:00:16] [INFO] httpx: HTTP Request: HEAD https://huggingface.co/api/resolve-cache/models/opendatalab/TRivia-3B/fcf890f3869afaa9fc768a14e72ab1ff46bfc813/preprocessor_config.json "HTTP/1.1 200 OK"
[2026-03-22 01:00:16] [INFO] httpx: HTTP Request: GET https://huggingface.co/api/resolve-cache/models/opendatalab/TRivia-3B/fcf890f3869afaa9fc768a14e72ab1ff46bfc813/preprocessor_config.json "HTTP/1.1 200 OK"
[2026-03-22 01:00:16] [INFO] httpx: HTTP Request: HEAD https://huggingface.co/opendatalab/TRivia-3B/resolve/main/processor_config.json "HTTP/1.1 404 Not Found"
[2026-03-22 01:00:16] [INFO] httpx: HTTP Request: HEAD https://huggingface.co/opendatalab/TRivia-3B/resolve/main/preprocessor_config.json "HTTP/1.1 307 Temporary Redirect"
[2026-03-22 01:00:16] [INFO] httpx: HTTP Request: HEAD https://huggingface.co/api/resolve-cache/models/opendatalab/TRivia-3B/fcf890f3869afaa9fc768a14e72ab1ff46bfc813/preprocessor_config.json "HTTP/1.1 200 OK"
[2026-03-22 01:00:16] [INFO] httpx: HTTP Request: GET https://huggingface.co/api/models/opendatalab/TRivia-3B/tree/main/additional_chat_templates?recursive=false&expand=false "HTTP/1.1 404 Not Found"
[2026-03-22 01:00:17] [INFO] httpx: HTTP Request: HEAD https://huggingface.co/opendatalab/TRivia-3B/resolve/main/processor_config.json "HTTP/1.1 404 Not Found"
[2026-03-22 01:00:17] [INFO] httpx: HTTP Request: HEAD https://huggingface.co/opendatalab/TRivia-3B/resolve/main/chat_template.json "HTTP/1.1 307 Temporary Redirect"
[2026-03-22 01:00:17] [INFO] httpx: HTTP Request: HEAD https://huggingface.co/api/resolve-cache/models/opendatalab/TRivia-3B/fcf890f3869afaa9fc768a14e72ab1ff46bfc813/chat_template.json "HTTP/1.1 200 OK"
[2026-03-22 01:00:17] [INFO] httpx: HTTP Request: GET https://huggingface.co/api/resolve-cache/models/opendatalab/TRivia-3B/fcf890f3869afaa9fc768a14e72ab1ff46bfc813/chat_template.json "HTTP/1.1 200 OK"
[2026-03-22 01:00:17] [INFO] httpx: HTTP Request: HEAD https://huggingface.co/opendatalab/TRivia-3B/resolve/main/chat_template.jinja "HTTP/1.1 404 Not Found"
[2026-03-22 01:00:17] [INFO] httpx: HTTP Request: HEAD https://huggingface.co/opendatalab/TRivia-3B/resolve/main/audio_tokenizer_config.json "HTTP/1.1 404 Not Found"
[2026-03-22 01:00:18] [INFO] httpx: HTTP Request: HEAD https://huggingface.co/opendatalab/TRivia-3B/resolve/main/processor_config.json "HTTP/1.1 404 Not Found"
[2026-03-22 01:00:18] [INFO] httpx: HTTP Request: HEAD https://huggingface.co/opendatalab/TRivia-3B/resolve/main/preprocessor_config.json "HTTP/1.1 307 Temporary Redirect"
[2026-03-22 01:00:18] [INFO] httpx: HTTP Request: HEAD https://huggingface.co/api/resolve-cache/models/opendatalab/TRivia-3B/fcf890f3869afaa9fc768a14e72ab1ff46bfc813/preprocessor_config.json "HTTP/1.1 200 OK"
[2026-03-22 01:00:18] [INFO] httpx: HTTP Request: HEAD https://huggingface.co/opendatalab/TRivia-3B/resolve/main/processor_config.json "HTTP/1.1 404 Not Found"
[2026-03-22 01:00:18] [INFO] httpx: HTTP Request: HEAD https://huggingface.co/opendatalab/TRivia-3B/resolve/main/preprocessor_config.json "HTTP/1.1 307 Temporary Redirect"
[2026-03-22 01:00:18] [INFO] httpx: HTTP Request: HEAD https://huggingface.co/api/resolve-cache/models/opendatalab/TRivia-3B/fcf890f3869afaa9fc768a14e72ab1ff46bfc813/preprocessor_config.json "HTTP/1.1 200 OK"
[2026-03-22 01:00:18] [INFO] httpx: HTTP Request: HEAD https://huggingface.co/opendatalab/TRivia-3B/resolve/main/config.json "HTTP/1.1 307 Temporary Redirect"
[2026-03-22 01:00:18] [INFO] httpx: HTTP Request: HEAD https://huggingface.co/api/resolve-cache/models/opendatalab/TRivia-3B/fcf890f3869afaa9fc768a14e72ab1ff46bfc813/config.json "HTTP/1.1 200 OK"
[2026-03-22 01:00:19] [INFO] httpx: HTTP Request: HEAD https://huggingface.co/opendatalab/TRivia-3B/resolve/main/tokenizer_config.json "HTTP/1.1 307 Temporary Redirect"
[2026-03-22 01:00:19] [INFO] httpx: HTTP Request: HEAD https://huggingface.co/api/resolve-cache/models/opendatalab/TRivia-3B/fcf890f3869afaa9fc768a14e72ab1ff46bfc813/tokenizer_config.json "HTTP/1.1 200 OK"
[2026-03-22 01:00:19] [INFO] httpx: HTTP Request: GET https://huggingface.co/api/resolve-cache/models/opendatalab/TRivia-3B/fcf890f3869afaa9fc768a14e72ab1ff46bfc813/tokenizer_config.json "HTTP/1.1 200 OK"
[2026-03-22 01:00:19] [INFO] httpx: HTTP Request: GET https://huggingface.co/api/models/opendatalab/TRivia-3B/tree/main/additional_chat_templates?recursive=false&expand=false "HTTP/1.1 404 Not Found"
[2026-03-22 01:00:19] [INFO] httpx: HTTP Request: GET https://huggingface.co/api/models/opendatalab/TRivia-3B/tree/main?recursive=true&expand=false "HTTP/1.1 200 OK"
[2026-03-22 01:00:20] [INFO] httpx: HTTP Request: HEAD https://huggingface.co/opendatalab/TRivia-3B/resolve/main/vocab.json "HTTP/1.1 307 Temporary Redirect"
[2026-03-22 01:00:20] [INFO] httpx: HTTP Request: HEAD https://huggingface.co/api/resolve-cache/models/opendatalab/TRivia-3B/fcf890f3869afaa9fc768a14e72ab1ff46bfc813/vocab.json "HTTP/1.1 200 OK"
[2026-03-22 01:00:20] [INFO] httpx: HTTP Request: GET https://huggingface.co/api/resolve-cache/models/opendatalab/TRivia-3B/fcf890f3869afaa9fc768a14e72ab1ff46bfc813/vocab.json "HTTP/1.1 200 OK"
[2026-03-22 01:00:21] [INFO] httpx: HTTP Request: HEAD https://huggingface.co/opendatalab/TRivia-3B/resolve/main/merges.txt "HTTP/1.1 307 Temporary Redirect"
[2026-03-22 01:00:21] [INFO] httpx: HTTP Request: HEAD https://huggingface.co/api/resolve-cache/models/opendatalab/TRivia-3B/fcf890f3869afaa9fc768a14e72ab1ff46bfc813/merges.txt "HTTP/1.1 200 OK"
[2026-03-22 01:00:21] [INFO] httpx: HTTP Request: GET https://huggingface.co/api/resolve-cache/models/opendatalab/TRivia-3B/fcf890f3869afaa9fc768a14e72ab1ff46bfc813/merges.txt "HTTP/1.1 200 OK"
[2026-03-22 01:00:22] [INFO] httpx: HTTP Request: HEAD https://huggingface.co/opendatalab/TRivia-3B/resolve/main/tokenizer.json "HTTP/1.1 302 Found"
[2026-03-22 01:00:28] [INFO] httpx: HTTP Request: HEAD https://huggingface.co/opendatalab/TRivia-3B/resolve/main/added_tokens.json "HTTP/1.1 307 Temporary Redirect"
[2026-03-22 01:00:28] [INFO] httpx: HTTP Request: HEAD https://huggingface.co/api/resolve-cache/models/opendatalab/TRivia-3B/fcf890f3869afaa9fc768a14e72ab1ff46bfc813/added_tokens.json "HTTP/1.1 200 OK"
[2026-03-22 01:00:28] [INFO] httpx: HTTP Request: GET https://huggingface.co/api/resolve-cache/models/opendatalab/TRivia-3B/fcf890f3869afaa9fc768a14e72ab1ff46bfc813/added_tokens.json "HTTP/1.1 200 OK"
[2026-03-22 01:00:29] [INFO] httpx: HTTP Request: HEAD https://huggingface.co/opendatalab/TRivia-3B/resolve/main/special_tokens_map.json "HTTP/1.1 404 Not Found"
[2026-03-22 01:00:29] [INFO] httpx: HTTP Request: GET https://huggingface.co/api/models/opendatalab/TRivia-3B "HTTP/1.1 200 OK"
[2026-03-22 01:00:29] [INFO] httpx: HTTP Request: HEAD https://huggingface.co/opendatalab/TRivia-3B/resolve/main/processor_config.json "HTTP/1.1 404 Not Found"
[2026-03-22 01:00:29] [INFO] httpx: HTTP Request: HEAD https://huggingface.co/opendatalab/TRivia-3B/resolve/main/video_preprocessor_config.json "HTTP/1.1 404 Not Found"
[2026-03-22 01:00:30] [INFO] httpx: HTTP Request: HEAD https://huggingface.co/opendatalab/TRivia-3B/resolve/main/preprocessor_config.json "HTTP/1.1 307 Temporary Redirect"
[2026-03-22 01:00:30] [INFO] httpx: HTTP Request: HEAD https://huggingface.co/api/resolve-cache/models/opendatalab/TRivia-3B/fcf890f3869afaa9fc768a14e72ab1ff46bfc813/preprocessor_config.json "HTTP/1.1 200 OK"
[2026-03-22 01:00:30] [INFO] httpx: HTTP Request: HEAD https://huggingface.co/opendatalab/TRivia-3B/resolve/main/processor_config.json "HTTP/1.1 404 Not Found"
[2026-03-22 01:00:30] [INFO] httpx: HTTP Request: HEAD https://huggingface.co/opendatalab/TRivia-3B/resolve/main/video_preprocessor_config.json "HTTP/1.1 404 Not Found"
[2026-03-22 01:00:30] [INFO] httpx: HTTP Request: HEAD https://huggingface.co/opendatalab/TRivia-3B/resolve/main/preprocessor_config.json "HTTP/1.1 307 Temporary Redirect"
[2026-03-22 01:00:30] [INFO] httpx: HTTP Request: HEAD https://huggingface.co/api/resolve-cache/models/opendatalab/TRivia-3B/fcf890f3869afaa9fc768a14e72ab1ff46bfc813/preprocessor_config.json "HTTP/1.1 200 OK"
[2026-03-22 01:00:30] [INFO] __main__: TRivia-3B loaded successfully
[2026-03-22 01:00:58] [ERROR] __main__: Error processing fintabnet_0000_rot0.png: No module named 'pydantic'
[2026-03-22 01:01:03] [ERROR] __main__: Error processing fintabnet_0001_rot90.png: No module named 'pydantic'
[2026-03-22 01:07:17] [INFO] utils.seed: All random seeds set to 42
[2026-03-22 01:07:17] [INFO] utils.seed: Using Apple MPS (Metal Performance Shaders)
[2026-03-22 01:07:19] [INFO] __main__: Loading TRivia-3B from opendatalab/TRivia-3B on mps
[2026-03-22 01:07:19] [INFO] httpx: HTTP Request: HEAD https://huggingface.co/opendatalab/TRivia-3B/resolve/main/config.json "HTTP/1.1 307 Temporary Redirect"
[2026-03-22 01:07:19] [INFO] httpx: HTTP Request: HEAD https://huggingface.co/api/resolve-cache/models/opendatalab/TRivia-3B/fcf890f3869afaa9fc768a14e72ab1ff46bfc813/config.json "HTTP/1.1 200 OK"
[2026-03-22 01:07:19] [INFO] httpx: HTTP Request: HEAD https://huggingface.co/opendatalab/TRivia-3B/resolve/main/model.safetensors "HTTP/1.1 404 Not Found"
[2026-03-22 01:07:19] [INFO] httpx: HTTP Request: HEAD https://huggingface.co/opendatalab/TRivia-3B/resolve/main/model.safetensors.index.json "HTTP/1.1 307 Temporary Redirect"
[2026-03-22 01:07:19] [INFO] httpx: HTTP Request: HEAD https://huggingface.co/api/resolve-cache/models/opendatalab/TRivia-3B/fcf890f3869afaa9fc768a14e72ab1ff46bfc813/model.safetensors.index.json "HTTP/1.1 200 OK"
[2026-03-22 01:07:20] [INFO] httpx: HTTP Request: GET https://huggingface.co/api/models/opendatalab/TRivia-3B/revision/main "HTTP/1.1 200 OK"
[2026-03-22 01:07:23] [INFO] httpx: HTTP Request: HEAD https://huggingface.co/opendatalab/TRivia-3B/resolve/main/generation_config.json "HTTP/1.1 307 Temporary Redirect"
[2026-03-22 01:07:23] [INFO] httpx: HTTP Request: HEAD https://huggingface.co/api/resolve-cache/models/opendatalab/TRivia-3B/fcf890f3869afaa9fc768a14e72ab1ff46bfc813/generation_config.json "HTTP/1.1 200 OK"
[2026-03-22 01:07:24] [INFO] httpx: HTTP Request: HEAD https://huggingface.co/opendatalab/TRivia-3B/resolve/main/processor_config.json "HTTP/1.1 404 Not Found"
[2026-03-22 01:07:24] [INFO] httpx: HTTP Request: HEAD https://huggingface.co/opendatalab/TRivia-3B/resolve/main/preprocessor_config.json "HTTP/1.1 307 Temporary Redirect"
[2026-03-22 01:07:24] [INFO] httpx: HTTP Request: HEAD https://huggingface.co/api/resolve-cache/models/opendatalab/TRivia-3B/fcf890f3869afaa9fc768a14e72ab1ff46bfc813/preprocessor_config.json "HTTP/1.1 200 OK"
[2026-03-22 01:07:24] [INFO] httpx: HTTP Request: HEAD https://huggingface.co/opendatalab/TRivia-3B/resolve/main/processor_config.json "HTTP/1.1 404 Not Found"
[2026-03-22 01:07:24] [INFO] httpx: HTTP Request: HEAD https://huggingface.co/opendatalab/TRivia-3B/resolve/main/preprocessor_config.json "HTTP/1.1 307 Temporary Redirect"
[2026-03-22 01:07:24] [INFO] httpx: HTTP Request: HEAD https://huggingface.co/api/resolve-cache/models/opendatalab/TRivia-3B/fcf890f3869afaa9fc768a14e72ab1ff46bfc813/preprocessor_config.json "HTTP/1.1 200 OK"
[2026-03-22 01:07:25] [INFO] httpx: HTTP Request: GET https://huggingface.co/api/models/opendatalab/TRivia-3B/tree/main/additional_chat_templates?recursive=false&expand=false "HTTP/1.1 404 Not Found"
[2026-03-22 01:07:25] [INFO] httpx: HTTP Request: HEAD https://huggingface.co/opendatalab/TRivia-3B/resolve/main/processor_config.json "HTTP/1.1 404 Not Found"
[2026-03-22 01:07:25] [INFO] httpx: HTTP Request: HEAD https://huggingface.co/opendatalab/TRivia-3B/resolve/main/chat_template.json "HTTP/1.1 307 Temporary Redirect"
[2026-03-22 01:07:25] [INFO] httpx: HTTP Request: HEAD https://huggingface.co/api/resolve-cache/models/opendatalab/TRivia-3B/fcf890f3869afaa9fc768a14e72ab1ff46bfc813/chat_template.json "HTTP/1.1 200 OK"
[2026-03-22 01:07:25] [INFO] httpx: HTTP Request: HEAD https://huggingface.co/opendatalab/TRivia-3B/resolve/main/chat_template.jinja "HTTP/1.1 404 Not Found"
[2026-03-22 01:07:25] [INFO] httpx: HTTP Request: HEAD https://huggingface.co/opendatalab/TRivia-3B/resolve/main/audio_tokenizer_config.json "HTTP/1.1 404 Not Found"
[2026-03-22 01:07:26] [INFO] httpx: HTTP Request: HEAD https://huggingface.co/opendatalab/TRivia-3B/resolve/main/processor_config.json "HTTP/1.1 404 Not Found"
[2026-03-22 01:07:26] [INFO] httpx: HTTP Request: HEAD https://huggingface.co/opendatalab/TRivia-3B/resolve/main/preprocessor_config.json "HTTP/1.1 307 Temporary Redirect"
[2026-03-22 01:07:26] [INFO] httpx: HTTP Request: HEAD https://huggingface.co/api/resolve-cache/models/opendatalab/TRivia-3B/fcf890f3869afaa9fc768a14e72ab1ff46bfc813/preprocessor_config.json "HTTP/1.1 200 OK"
[2026-03-22 01:07:26] [INFO] httpx: HTTP Request: HEAD https://huggingface.co/opendatalab/TRivia-3B/resolve/main/processor_config.json "HTTP/1.1 404 Not Found"
[2026-03-22 01:07:26] [INFO] httpx: HTTP Request: HEAD https://huggingface.co/opendatalab/TRivia-3B/resolve/main/preprocessor_config.json "HTTP/1.1 307 Temporary Redirect"
[2026-03-22 01:07:26] [INFO] httpx: HTTP Request: HEAD https://huggingface.co/api/resolve-cache/models/opendatalab/TRivia-3B/fcf890f3869afaa9fc768a14e72ab1ff46bfc813/preprocessor_config.json "HTTP/1.1 200 OK"
[2026-03-22 01:07:26] [INFO] httpx: HTTP Request: HEAD https://huggingface.co/opendatalab/TRivia-3B/resolve/main/config.json "HTTP/1.1 307 Temporary Redirect"
[2026-03-22 01:07:26] [INFO] httpx: HTTP Request: HEAD https://huggingface.co/api/resolve-cache/models/opendatalab/TRivia-3B/fcf890f3869afaa9fc768a14e72ab1ff46bfc813/config.json "HTTP/1.1 200 OK"
[2026-03-22 01:07:27] [INFO] httpx: HTTP Request: HEAD https://huggingface.co/opendatalab/TRivia-3B/resolve/main/tokenizer_config.json "HTTP/1.1 307 Temporary Redirect"
[2026-03-22 01:07:27] [INFO] httpx: HTTP Request: HEAD https://huggingface.co/api/resolve-cache/models/opendatalab/TRivia-3B/fcf890f3869afaa9fc768a14e72ab1ff46bfc813/tokenizer_config.json "HTTP/1.1 200 OK"
[2026-03-22 01:07:27] [INFO] httpx: HTTP Request: GET https://huggingface.co/api/models/opendatalab/TRivia-3B/tree/main/additional_chat_templates?recursive=false&expand=false "HTTP/1.1 404 Not Found"
[2026-03-22 01:07:27] [INFO] httpx: HTTP Request: GET https://huggingface.co/api/models/opendatalab/TRivia-3B/tree/main?recursive=true&expand=false "HTTP/1.1 200 OK"
[2026-03-22 01:07:28] [INFO] httpx: HTTP Request: GET https://huggingface.co/api/models/opendatalab/TRivia-3B "HTTP/1.1 200 OK"
[2026-03-22 01:07:28] [INFO] httpx: HTTP Request: HEAD https://huggingface.co/opendatalab/TRivia-3B/resolve/main/processor_config.json "HTTP/1.1 404 Not Found"
[2026-03-22 01:07:28] [INFO] httpx: HTTP Request: HEAD https://huggingface.co/opendatalab/TRivia-3B/resolve/main/video_preprocessor_config.json "HTTP/1.1 404 Not Found"
[2026-03-22 01:07:28] [INFO] httpx: HTTP Request: HEAD https://huggingface.co/opendatalab/TRivia-3B/resolve/main/preprocessor_config.json "HTTP/1.1 307 Temporary Redirect"
[2026-03-22 01:07:28] [INFO] httpx: HTTP Request: HEAD https://huggingface.co/api/resolve-cache/models/opendatalab/TRivia-3B/fcf890f3869afaa9fc768a14e72ab1ff46bfc813/preprocessor_config.json "HTTP/1.1 200 OK"
[2026-03-22 01:07:28] [INFO] httpx: HTTP Request: HEAD https://huggingface.co/opendatalab/TRivia-3B/resolve/main/processor_config.json "HTTP/1.1 404 Not Found"
[2026-03-22 01:07:29] [INFO] httpx: HTTP Request: HEAD https://huggingface.co/opendatalab/TRivia-3B/resolve/main/video_preprocessor_config.json "HTTP/1.1 404 Not Found"
[2026-03-22 01:07:29] [INFO] httpx: HTTP Request: HEAD https://huggingface.co/opendatalab/TRivia-3B/resolve/main/preprocessor_config.json "HTTP/1.1 307 Temporary Redirect"
[2026-03-22 01:07:29] [INFO] httpx: HTTP Request: HEAD https://huggingface.co/api/resolve-cache/models/opendatalab/TRivia-3B/fcf890f3869afaa9fc768a14e72ab1ff46bfc813/preprocessor_config.json "HTTP/1.1 200 OK"
[2026-03-22 01:07:29] [INFO] __main__: TRivia-3B loaded successfully
[2026-03-22 02:20:11] [INFO] utils.seed: All random seeds set to 42
[2026-03-22 02:20:11] [INFO] utils.seed: Using Apple MPS (Metal Performance Shaders)
[2026-03-22 02:20:11] [INFO] __main__: Limited to 200 samples
[2026-03-22 02:20:13] [INFO] __main__: Loading TRivia-3B from opendatalab/TRivia-3B on mps
[2026-03-22 02:20:15] [INFO] httpx: HTTP Request: HEAD https://huggingface.co/opendatalab/TRivia-3B/resolve/main/model.safetensors "HTTP/1.1 404 Not Found"
[2026-03-22 02:20:15] [INFO] httpx: HTTP Request: HEAD https://huggingface.co/opendatalab/TRivia-3B/resolve/main/model.safetensors.index.json "HTTP/1.1 307 Temporary Redirect"
[2026-03-22 02:20:15] [INFO] httpx: HTTP Request: HEAD https://huggingface.co/api/resolve-cache/models/opendatalab/TRivia-3B/fcf890f3869afaa9fc768a14e72ab1ff46bfc813/model.safetensors.index.json "HTTP/1.1 200 OK"
[2026-03-22 02:20:15] [INFO] httpx: HTTP Request: GET https://huggingface.co/api/models/opendatalab/TRivia-3B/revision/main "HTTP/1.1 200 OK"
[2026-03-22 02:20:18] [INFO] httpx: HTTP Request: HEAD https://huggingface.co/opendatalab/TRivia-3B/resolve/main/generation_config.json "HTTP/1.1 307 Temporary Redirect"
[2026-03-22 02:20:18] [INFO] httpx: HTTP Request: HEAD https://huggingface.co/api/resolve-cache/models/opendatalab/TRivia-3B/fcf890f3869afaa9fc768a14e72ab1ff46bfc813/generation_config.json "HTTP/1.1 200 OK"
[2026-03-22 02:20:19] [INFO] httpx: HTTP Request: HEAD https://huggingface.co/opendatalab/TRivia-3B/resolve/main/processor_config.json "HTTP/1.1 404 Not Found"
[2026-03-22 02:20:20] [INFO] httpx: HTTP Request: HEAD https://huggingface.co/opendatalab/TRivia-3B/resolve/main/preprocessor_config.json "HTTP/1.1 307 Temporary Redirect"
[2026-03-22 02:20:20] [INFO] httpx: HTTP Request: HEAD https://huggingface.co/api/resolve-cache/models/opendatalab/TRivia-3B/fcf890f3869afaa9fc768a14e72ab1ff46bfc813/preprocessor_config.json "HTTP/1.1 200 OK"
[2026-03-22 02:20:20] [INFO] httpx: HTTP Request: HEAD https://huggingface.co/opendatalab/TRivia-3B/resolve/main/processor_config.json "HTTP/1.1 404 Not Found"
[2026-03-22 02:20:20] [INFO] httpx: HTTP Request: HEAD https://huggingface.co/opendatalab/TRivia-3B/resolve/main/preprocessor_config.json "HTTP/1.1 307 Temporary Redirect"
[2026-03-22 02:20:20] [INFO] httpx: HTTP Request: HEAD https://huggingface.co/api/resolve-cache/models/opendatalab/TRivia-3B/fcf890f3869afaa9fc768a14e72ab1ff46bfc813/preprocessor_config.json "HTTP/1.1 200 OK"
[2026-03-22 02:20:20] [INFO] httpx: HTTP Request: GET https://huggingface.co/api/models/opendatalab/TRivia-3B/tree/main/additional_chat_templates?recursive=false&expand=false "HTTP/1.1 404 Not Found"
[2026-03-22 02:20:20] [INFO] httpx: HTTP Request: HEAD https://huggingface.co/opendatalab/TRivia-3B/resolve/main/processor_config.json "HTTP/1.1 404 Not Found"
[2026-03-22 02:20:21] [INFO] httpx: HTTP Request: HEAD https://huggingface.co/opendatalab/TRivia-3B/resolve/main/chat_template.json "HTTP/1.1 307 Temporary Redirect"
[2026-03-22 02:20:21] [INFO] httpx: HTTP Request: HEAD https://huggingface.co/api/resolve-cache/models/opendatalab/TRivia-3B/fcf890f3869afaa9fc768a14e72ab1ff46bfc813/chat_template.json "HTTP/1.1 200 OK"
[2026-03-22 02:20:21] [INFO] httpx: HTTP Request: HEAD https://huggingface.co/opendatalab/TRivia-3B/resolve/main/chat_template.jinja "HTTP/1.1 404 Not Found"
[2026-03-22 02:20:21] [INFO] httpx: HTTP Request: HEAD https://huggingface.co/opendatalab/TRivia-3B/resolve/main/audio_tokenizer_config.json "HTTP/1.1 404 Not Found"
[2026-03-22 02:20:21] [INFO] httpx: HTTP Request: HEAD https://huggingface.co/opendatalab/TRivia-3B/resolve/main/processor_config.json "HTTP/1.1 404 Not Found"
[2026-03-22 02:20:21] [INFO] httpx: HTTP Request: HEAD https://huggingface.co/opendatalab/TRivia-3B/resolve/main/preprocessor_config.json "HTTP/1.1 307 Temporary Redirect"
[2026-03-22 02:20:21] [INFO] httpx: HTTP Request: HEAD https://huggingface.co/api/resolve-cache/models/opendatalab/TRivia-3B/fcf890f3869afaa9fc768a14e72ab1ff46bfc813/preprocessor_config.json "HTTP/1.1 200 OK"
[2026-03-22 02:20:22] [INFO] httpx: HTTP Request: HEAD https://huggingface.co/opendatalab/TRivia-3B/resolve/main/processor_config.json "HTTP/1.1 404 Not Found"
[2026-03-22 02:20:22] [INFO] httpx: HTTP Request: HEAD https://huggingface.co/opendatalab/TRivia-3B/resolve/main/preprocessor_config.json "HTTP/1.1 307 Temporary Redirect"
[2026-03-22 02:20:22] [INFO] httpx: HTTP Request: HEAD https://huggingface.co/api/resolve-cache/models/opendatalab/TRivia-3B/fcf890f3869afaa9fc768a14e72ab1ff46bfc813/preprocessor_config.json "HTTP/1.1 200 OK"
[2026-03-22 02:20:22] [INFO] httpx: HTTP Request: HEAD https://huggingface.co/opendatalab/TRivia-3B/resolve/main/config.json "HTTP/1.1 307 Temporary Redirect"
[2026-03-22 02:20:22] [INFO] httpx: HTTP Request: HEAD https://huggingface.co/api/resolve-cache/models/opendatalab/TRivia-3B/fcf890f3869afaa9fc768a14e72ab1ff46bfc813/config.json "HTTP/1.1 200 OK"
[2026-03-22 02:20:22] [INFO] httpx: HTTP Request: HEAD https://huggingface.co/opendatalab/TRivia-3B/resolve/main/tokenizer_config.json "HTTP/1.1 307 Temporary Redirect"
[2026-03-22 02:20:22] [INFO] httpx: HTTP Request: HEAD https://huggingface.co/api/resolve-cache/models/opendatalab/TRivia-3B/fcf890f3869afaa9fc768a14e72ab1ff46bfc813/tokenizer_config.json "HTTP/1.1 200 OK"
[2026-03-22 02:20:23] [INFO] httpx: HTTP Request: GET https://huggingface.co/api/models/opendatalab/TRivia-3B/tree/main/additional_chat_templates?recursive=false&expand=false "HTTP/1.1 404 Not Found"
[2026-03-22 02:20:23] [INFO] httpx: HTTP Request: GET https://huggingface.co/api/models/opendatalab/TRivia-3B/tree/main?recursive=true&expand=false "HTTP/1.1 200 OK"
[2026-03-22 02:20:23] [INFO] httpx: HTTP Request: GET https://huggingface.co/api/models/opendatalab/TRivia-3B "HTTP/1.1 200 OK"
[2026-03-22 02:20:23] [INFO] httpx: HTTP Request: HEAD https://huggingface.co/opendatalab/TRivia-3B/resolve/main/processor_config.json "HTTP/1.1 404 Not Found"
[2026-03-22 02:20:24] [INFO] httpx: HTTP Request: HEAD https://huggingface.co/opendatalab/TRivia-3B/resolve/main/video_preprocessor_config.json "HTTP/1.1 404 Not Found"
[2026-03-22 02:20:24] [INFO] httpx: HTTP Request: HEAD https://huggingface.co/opendatalab/TRivia-3B/resolve/main/preprocessor_config.json "HTTP/1.1 307 Temporary Redirect"
[2026-03-22 02:20:24] [INFO] httpx: HTTP Request: HEAD https://huggingface.co/api/resolve-cache/models/opendatalab/TRivia-3B/fcf890f3869afaa9fc768a14e72ab1ff46bfc813/preprocessor_config.json "HTTP/1.1 200 OK"
[2026-03-22 02:20:24] [INFO] httpx: HTTP Request: HEAD https://huggingface.co/opendatalab/TRivia-3B/resolve/main/processor_config.json "HTTP/1.1 404 Not Found"
[2026-03-22 02:20:24] [INFO] httpx: HTTP Request: HEAD https://huggingface.co/opendatalab/TRivia-3B/resolve/main/video_preprocessor_config.json "HTTP/1.1 404 Not Found"
[2026-03-22 02:20:24] [INFO] httpx: HTTP Request: HEAD https://huggingface.co/opendatalab/TRivia-3B/resolve/main/preprocessor_config.json "HTTP/1.1 307 Temporary Redirect"
[2026-03-22 02:20:25] [INFO] httpx: HTTP Request: HEAD https://huggingface.co/api/resolve-cache/models/opendatalab/TRivia-3B/fcf890f3869afaa9fc768a14e72ab1ff46bfc813/preprocessor_config.json "HTTP/1.1 200 OK"
[2026-03-22 02:20:25] [INFO] __main__: TRivia-3B loaded successfully
[2026-03-22 02:56:51] [INFO] __main__: Checkpoint saved: 50 samples
[2026-03-22 03:37:20] [INFO] __main__: Checkpoint saved: 100 samples
[2026-03-22 04:46:37] [INFO] __main__: Checkpoint saved: 150 samples
[2026-03-22 06:49:44] [INFO] __main__: Checkpoint saved: 200 samples
[2026-03-22 06:49:45] [INFO] __main__: Evaluation complete:
[2026-03-22 06:49:45] [INFO] __main__:   Total: 200, non-empty: 200, errors: 0
[2026-03-22 06:49:45] [INFO] __main__:   Avg inference time: 80.47s per sample
[2026-03-22 06:49:45] [INFO] __main__:   Results saved to: /Users/egorbulanov/Documents/Huawei_tasks/track9/task1/results/baseline_trivia.json
