[2026-03-22 22:26:53] [INFO] utils.seed: All random seeds set to 42
[2026-03-22 22:26:53] [INFO] utils.seed: Using Apple MPS (Metal Performance Shaders)
[2026-03-22 22:26:53] [INFO] __main__: Loading rotation classifier...
[2026-03-22 22:26:53] [INFO] __main__: Rotation classifier loaded from /Users/egorbulanov/Documents/Huawei_tasks/track9/task1/models/rotation_classifier/best_model.pth
[2026-03-22 22:26:54] [INFO] evaluate_baselines: Loading TRivia-3B from opendatalab/TRivia-3B on mps
[2026-03-22 22:26:55] [INFO] httpx: HTTP Request: HEAD https://huggingface.co/opendatalab/TRivia-3B/resolve/main/config.json "HTTP/1.1 307 Temporary Redirect"
[2026-03-22 22:26:55] [INFO] httpx: HTTP Request: HEAD https://huggingface.co/api/resolve-cache/models/opendatalab/TRivia-3B/fcf890f3869afaa9fc768a14e72ab1ff46bfc813/config.json "HTTP/1.1 200 OK"
[2026-03-22 22:26:55] [INFO] httpx: HTTP Request: HEAD https://huggingface.co/opendatalab/TRivia-3B/resolve/main/model.safetensors "HTTP/1.1 404 Not Found"
[2026-03-22 22:26:55] [INFO] httpx: HTTP Request: HEAD https://huggingface.co/opendatalab/TRivia-3B/resolve/main/model.safetensors.index.json "HTTP/1.1 307 Temporary Redirect"
[2026-03-22 22:26:55] [INFO] httpx: HTTP Request: HEAD https://huggingface.co/api/resolve-cache/models/opendatalab/TRivia-3B/fcf890f3869afaa9fc768a14e72ab1ff46bfc813/model.safetensors.index.json "HTTP/1.1 200 OK"
[2026-03-22 22:26:55] [INFO] httpx: HTTP Request: GET https://huggingface.co/api/models/opendatalab/TRivia-3B/revision/main "HTTP/1.1 200 OK"
[2026-03-22 22:26:59] [INFO] httpx: HTTP Request: HEAD https://huggingface.co/opendatalab/TRivia-3B/resolve/main/generation_config.json "HTTP/1.1 307 Temporary Redirect"
[2026-03-22 22:26:59] [INFO] httpx: HTTP Request: HEAD https://huggingface.co/api/resolve-cache/models/opendatalab/TRivia-3B/fcf890f3869afaa9fc768a14e72ab1ff46bfc813/generation_config.json "HTTP/1.1 200 OK"
[2026-03-22 22:27:00] [INFO] httpx: HTTP Request: HEAD https://huggingface.co/opendatalab/TRivia-3B/resolve/main/processor_config.json "HTTP/1.1 404 Not Found"
[2026-03-22 22:27:00] [INFO] httpx: HTTP Request: HEAD https://huggingface.co/opendatalab/TRivia-3B/resolve/main/preprocessor_config.json "HTTP/1.1 307 Temporary Redirect"
[2026-03-22 22:27:00] [INFO] httpx: HTTP Request: HEAD https://huggingface.co/api/resolve-cache/models/opendatalab/TRivia-3B/fcf890f3869afaa9fc768a14e72ab1ff46bfc813/preprocessor_config.json "HTTP/1.1 200 OK"
[2026-03-22 22:27:00] [INFO] httpx: HTTP Request: HEAD https://huggingface.co/opendatalab/TRivia-3B/resolve/main/processor_config.json "HTTP/1.1 404 Not Found"
[2026-03-22 22:27:00] [INFO] httpx: HTTP Request: HEAD https://huggingface.co/opendatalab/TRivia-3B/resolve/main/preprocessor_config.json "HTTP/1.1 307 Temporary Redirect"
[2026-03-22 22:27:00] [INFO] httpx: HTTP Request: HEAD https://huggingface.co/api/resolve-cache/models/opendatalab/TRivia-3B/fcf890f3869afaa9fc768a14e72ab1ff46bfc813/preprocessor_config.json "HTTP/1.1 200 OK"
[2026-03-22 22:27:00] [INFO] httpx: HTTP Request: GET https://huggingface.co/api/models/opendatalab/TRivia-3B/tree/main/additional_chat_templates?recursive=false&expand=false "HTTP/1.1 404 Not Found"
[2026-03-22 22:27:01] [INFO] httpx: HTTP Request: HEAD https://huggingface.co/opendatalab/TRivia-3B/resolve/main/processor_config.json "HTTP/1.1 404 Not Found"
[2026-03-22 22:27:01] [INFO] httpx: HTTP Request: HEAD https://huggingface.co/opendatalab/TRivia-3B/resolve/main/chat_template.json "HTTP/1.1 307 Temporary Redirect"
[2026-03-22 22:27:01] [INFO] httpx: HTTP Request: HEAD https://huggingface.co/api/resolve-cache/models/opendatalab/TRivia-3B/fcf890f3869afaa9fc768a14e72ab1ff46bfc813/chat_template.json "HTTP/1.1 200 OK"
[2026-03-22 22:27:01] [INFO] httpx: HTTP Request: HEAD https://huggingface.co/opendatalab/TRivia-3B/resolve/main/chat_template.jinja "HTTP/1.1 404 Not Found"
[2026-03-22 22:27:01] [INFO] httpx: HTTP Request: HEAD https://huggingface.co/opendatalab/TRivia-3B/resolve/main/audio_tokenizer_config.json "HTTP/1.1 404 Not Found"
[2026-03-22 22:27:01] [INFO] httpx: HTTP Request: HEAD https://huggingface.co/opendatalab/TRivia-3B/resolve/main/processor_config.json "HTTP/1.1 404 Not Found"
[2026-03-22 22:27:01] [INFO] httpx: HTTP Request: HEAD https://huggingface.co/opendatalab/TRivia-3B/resolve/main/preprocessor_config.json "HTTP/1.1 307 Temporary Redirect"
[2026-03-22 22:27:02] [INFO] httpx: HTTP Request: HEAD https://huggingface.co/api/resolve-cache/models/opendatalab/TRivia-3B/fcf890f3869afaa9fc768a14e72ab1ff46bfc813/preprocessor_config.json "HTTP/1.1 200 OK"
[2026-03-22 22:27:02] [INFO] httpx: HTTP Request: HEAD https://huggingface.co/opendatalab/TRivia-3B/resolve/main/processor_config.json "HTTP/1.1 404 Not Found"
[2026-03-22 22:27:02] [INFO] httpx: HTTP Request: HEAD https://huggingface.co/opendatalab/TRivia-3B/resolve/main/preprocessor_config.json "HTTP/1.1 307 Temporary Redirect"
[2026-03-22 22:27:02] [INFO] httpx: HTTP Request: HEAD https://huggingface.co/api/resolve-cache/models/opendatalab/TRivia-3B/fcf890f3869afaa9fc768a14e72ab1ff46bfc813/preprocessor_config.json "HTTP/1.1 200 OK"
[2026-03-22 22:27:02] [INFO] httpx: HTTP Request: HEAD https://huggingface.co/opendatalab/TRivia-3B/resolve/main/config.json "HTTP/1.1 307 Temporary Redirect"
[2026-03-22 22:27:02] [INFO] httpx: HTTP Request: HEAD https://huggingface.co/api/resolve-cache/models/opendatalab/TRivia-3B/fcf890f3869afaa9fc768a14e72ab1ff46bfc813/config.json "HTTP/1.1 200 OK"
[2026-03-22 22:27:02] [INFO] httpx: HTTP Request: HEAD https://huggingface.co/opendatalab/TRivia-3B/resolve/main/tokenizer_config.json "HTTP/1.1 307 Temporary Redirect"
[2026-03-22 22:27:02] [INFO] httpx: HTTP Request: HEAD https://huggingface.co/api/resolve-cache/models/opendatalab/TRivia-3B/fcf890f3869afaa9fc768a14e72ab1ff46bfc813/tokenizer_config.json "HTTP/1.1 200 OK"
[2026-03-22 22:27:03] [INFO] httpx: HTTP Request: GET https://huggingface.co/api/models/opendatalab/TRivia-3B/tree/main/additional_chat_templates?recursive=false&expand=false "HTTP/1.1 404 Not Found"
[2026-03-22 22:27:03] [INFO] httpx: HTTP Request: GET https://huggingface.co/api/models/opendatalab/TRivia-3B/tree/main?recursive=true&expand=false "HTTP/1.1 200 OK"
[2026-03-22 22:27:03] [INFO] httpx: HTTP Request: GET https://huggingface.co/api/models/opendatalab/TRivia-3B "HTTP/1.1 200 OK"
[2026-03-22 22:27:04] [INFO] httpx: HTTP Request: HEAD https://huggingface.co/opendatalab/TRivia-3B/resolve/main/processor_config.json "HTTP/1.1 404 Not Found"
[2026-03-22 22:27:04] [INFO] httpx: HTTP Request: HEAD https://huggingface.co/opendatalab/TRivia-3B/resolve/main/video_preprocessor_config.json "HTTP/1.1 404 Not Found"
[2026-03-22 22:27:04] [INFO] httpx: HTTP Request: HEAD https://huggingface.co/opendatalab/TRivia-3B/resolve/main/preprocessor_config.json "HTTP/1.1 307 Temporary Redirect"
[2026-03-22 22:27:04] [INFO] httpx: HTTP Request: HEAD https://huggingface.co/api/resolve-cache/models/opendatalab/TRivia-3B/fcf890f3869afaa9fc768a14e72ab1ff46bfc813/preprocessor_config.json "HTTP/1.1 200 OK"
[2026-03-22 22:27:04] [INFO] httpx: HTTP Request: HEAD https://huggingface.co/opendatalab/TRivia-3B/resolve/main/processor_config.json "HTTP/1.1 404 Not Found"
[2026-03-22 22:27:04] [INFO] httpx: HTTP Request: HEAD https://huggingface.co/opendatalab/TRivia-3B/resolve/main/video_preprocessor_config.json "HTTP/1.1 404 Not Found"
[2026-03-22 22:27:05] [INFO] httpx: HTTP Request: HEAD https://huggingface.co/opendatalab/TRivia-3B/resolve/main/preprocessor_config.json "HTTP/1.1 307 Temporary Redirect"
[2026-03-22 22:27:05] [INFO] httpx: HTTP Request: HEAD https://huggingface.co/api/resolve-cache/models/opendatalab/TRivia-3B/fcf890f3869afaa9fc768a14e72ab1ff46bfc813/preprocessor_config.json "HTTP/1.1 200 OK"
[2026-03-22 22:27:05] [INFO] evaluate_baselines: TRivia-3B loaded successfully
[2026-03-22 22:27:05] [INFO] __main__: Limited to 200 samples
[2026-03-22 22:52:54] [INFO] utils.seed: All random seeds set to 42
[2026-03-22 22:52:54] [INFO] utils.seed: Using Apple MPS (Metal Performance Shaders)
[2026-03-22 22:52:54] [INFO] __main__: Loading rotation classifier...
[2026-03-22 22:52:54] [INFO] __main__: Rotation classifier loaded from /Users/egorbulanov/Documents/Huawei_tasks/track9/task1/models/rotation_classifier/best_model.pth
[2026-03-22 22:52:55] [INFO] evaluate_baselines: Loading TRivia-3B from opendatalab/TRivia-3B on mps
[2026-03-22 22:52:55] [INFO] httpx: HTTP Request: HEAD https://huggingface.co/opendatalab/TRivia-3B/resolve/main/config.json "HTTP/1.1 307 Temporary Redirect"
[2026-03-22 22:52:55] [INFO] httpx: HTTP Request: HEAD https://huggingface.co/api/resolve-cache/models/opendatalab/TRivia-3B/fcf890f3869afaa9fc768a14e72ab1ff46bfc813/config.json "HTTP/1.1 200 OK"
[2026-03-22 22:52:56] [INFO] httpx: HTTP Request: HEAD https://huggingface.co/opendatalab/TRivia-3B/resolve/main/model.safetensors "HTTP/1.1 404 Not Found"
[2026-03-22 22:52:56] [INFO] httpx: HTTP Request: HEAD https://huggingface.co/opendatalab/TRivia-3B/resolve/main/model.safetensors.index.json "HTTP/1.1 307 Temporary Redirect"
[2026-03-22 22:52:56] [INFO] httpx: HTTP Request: HEAD https://huggingface.co/api/resolve-cache/models/opendatalab/TRivia-3B/fcf890f3869afaa9fc768a14e72ab1ff46bfc813/model.safetensors.index.json "HTTP/1.1 200 OK"
[2026-03-22 22:52:56] [INFO] httpx: HTTP Request: GET https://huggingface.co/api/models/opendatalab/TRivia-3B/revision/main "HTTP/1.1 200 OK"
[2026-03-22 22:52:59] [INFO] httpx: HTTP Request: HEAD https://huggingface.co/opendatalab/TRivia-3B/resolve/main/generation_config.json "HTTP/1.1 307 Temporary Redirect"
[2026-03-22 22:52:59] [INFO] httpx: HTTP Request: HEAD https://huggingface.co/api/resolve-cache/models/opendatalab/TRivia-3B/fcf890f3869afaa9fc768a14e72ab1ff46bfc813/generation_config.json "HTTP/1.1 200 OK"
[2026-03-22 22:53:00] [INFO] httpx: HTTP Request: HEAD https://huggingface.co/opendatalab/TRivia-3B/resolve/main/processor_config.json "HTTP/1.1 404 Not Found"
[2026-03-22 22:53:00] [INFO] httpx: HTTP Request: HEAD https://huggingface.co/opendatalab/TRivia-3B/resolve/main/preprocessor_config.json "HTTP/1.1 307 Temporary Redirect"
[2026-03-22 22:53:01] [INFO] httpx: HTTP Request: HEAD https://huggingface.co/api/resolve-cache/models/opendatalab/TRivia-3B/fcf890f3869afaa9fc768a14e72ab1ff46bfc813/preprocessor_config.json "HTTP/1.1 200 OK"
[2026-03-22 22:53:01] [INFO] httpx: HTTP Request: HEAD https://huggingface.co/opendatalab/TRivia-3B/resolve/main/processor_config.json "HTTP/1.1 404 Not Found"
[2026-03-22 22:53:01] [INFO] httpx: HTTP Request: HEAD https://huggingface.co/opendatalab/TRivia-3B/resolve/main/preprocessor_config.json "HTTP/1.1 307 Temporary Redirect"
[2026-03-22 22:53:01] [INFO] httpx: HTTP Request: HEAD https://huggingface.co/api/resolve-cache/models/opendatalab/TRivia-3B/fcf890f3869afaa9fc768a14e72ab1ff46bfc813/preprocessor_config.json "HTTP/1.1 200 OK"
[2026-03-22 22:53:01] [INFO] httpx: HTTP Request: GET https://huggingface.co/api/models/opendatalab/TRivia-3B/tree/main/additional_chat_templates?recursive=false&expand=false "HTTP/1.1 404 Not Found"
[2026-03-22 22:53:01] [INFO] httpx: HTTP Request: HEAD https://huggingface.co/opendatalab/TRivia-3B/resolve/main/processor_config.json "HTTP/1.1 404 Not Found"
[2026-03-22 22:53:01] [INFO] httpx: HTTP Request: HEAD https://huggingface.co/opendatalab/TRivia-3B/resolve/main/chat_template.json "HTTP/1.1 307 Temporary Redirect"
[2026-03-22 22:53:02] [INFO] httpx: HTTP Request: HEAD https://huggingface.co/api/resolve-cache/models/opendatalab/TRivia-3B/fcf890f3869afaa9fc768a14e72ab1ff46bfc813/chat_template.json "HTTP/1.1 200 OK"
[2026-03-22 22:53:02] [INFO] httpx: HTTP Request: HEAD https://huggingface.co/opendatalab/TRivia-3B/resolve/main/chat_template.jinja "HTTP/1.1 404 Not Found"
[2026-03-22 22:53:02] [INFO] httpx: HTTP Request: HEAD https://huggingface.co/opendatalab/TRivia-3B/resolve/main/audio_tokenizer_config.json "HTTP/1.1 404 Not Found"
[2026-03-22 22:53:02] [INFO] httpx: HTTP Request: HEAD https://huggingface.co/opendatalab/TRivia-3B/resolve/main/processor_config.json "HTTP/1.1 404 Not Found"
[2026-03-22 22:53:02] [INFO] httpx: HTTP Request: HEAD https://huggingface.co/opendatalab/TRivia-3B/resolve/main/preprocessor_config.json "HTTP/1.1 307 Temporary Redirect"
[2026-03-22 22:53:02] [INFO] httpx: HTTP Request: HEAD https://huggingface.co/api/resolve-cache/models/opendatalab/TRivia-3B/fcf890f3869afaa9fc768a14e72ab1ff46bfc813/preprocessor_config.json "HTTP/1.1 200 OK"
[2026-03-22 22:53:02] [INFO] httpx: HTTP Request: HEAD https://huggingface.co/opendatalab/TRivia-3B/resolve/main/processor_config.json "HTTP/1.1 404 Not Found"
[2026-03-22 22:53:03] [INFO] httpx: HTTP Request: HEAD https://huggingface.co/opendatalab/TRivia-3B/resolve/main/preprocessor_config.json "HTTP/1.1 307 Temporary Redirect"
[2026-03-22 22:53:03] [INFO] httpx: HTTP Request: HEAD https://huggingface.co/api/resolve-cache/models/opendatalab/TRivia-3B/fcf890f3869afaa9fc768a14e72ab1ff46bfc813/preprocessor_config.json "HTTP/1.1 200 OK"
[2026-03-22 22:53:03] [INFO] httpx: HTTP Request: HEAD https://huggingface.co/opendatalab/TRivia-3B/resolve/main/config.json "HTTP/1.1 307 Temporary Redirect"
[2026-03-22 22:53:03] [INFO] httpx: HTTP Request: HEAD https://huggingface.co/api/resolve-cache/models/opendatalab/TRivia-3B/fcf890f3869afaa9fc768a14e72ab1ff46bfc813/config.json "HTTP/1.1 200 OK"
[2026-03-22 22:53:03] [INFO] httpx: HTTP Request: HEAD https://huggingface.co/opendatalab/TRivia-3B/resolve/main/tokenizer_config.json "HTTP/1.1 307 Temporary Redirect"
[2026-03-22 22:53:03] [INFO] httpx: HTTP Request: HEAD https://huggingface.co/api/resolve-cache/models/opendatalab/TRivia-3B/fcf890f3869afaa9fc768a14e72ab1ff46bfc813/tokenizer_config.json "HTTP/1.1 200 OK"
[2026-03-22 22:53:03] [INFO] httpx: HTTP Request: GET https://huggingface.co/api/models/opendatalab/TRivia-3B/tree/main/additional_chat_templates?recursive=false&expand=false "HTTP/1.1 404 Not Found"
[2026-03-22 22:53:04] [INFO] httpx: HTTP Request: GET https://huggingface.co/api/models/opendatalab/TRivia-3B/tree/main?recursive=true&expand=false "HTTP/1.1 200 OK"
[2026-03-22 22:53:04] [INFO] httpx: HTTP Request: GET https://huggingface.co/api/models/opendatalab/TRivia-3B "HTTP/1.1 200 OK"
[2026-03-22 22:53:04] [INFO] httpx: HTTP Request: HEAD https://huggingface.co/opendatalab/TRivia-3B/resolve/main/processor_config.json "HTTP/1.1 404 Not Found"
[2026-03-22 22:53:04] [INFO] httpx: HTTP Request: HEAD https://huggingface.co/opendatalab/TRivia-3B/resolve/main/video_preprocessor_config.json "HTTP/1.1 404 Not Found"
[2026-03-22 22:53:05] [INFO] httpx: HTTP Request: HEAD https://huggingface.co/opendatalab/TRivia-3B/resolve/main/preprocessor_config.json "HTTP/1.1 307 Temporary Redirect"
[2026-03-22 22:53:05] [INFO] httpx: HTTP Request: HEAD https://huggingface.co/api/resolve-cache/models/opendatalab/TRivia-3B/fcf890f3869afaa9fc768a14e72ab1ff46bfc813/preprocessor_config.json "HTTP/1.1 200 OK"
[2026-03-22 22:53:05] [INFO] httpx: HTTP Request: HEAD https://huggingface.co/opendatalab/TRivia-3B/resolve/main/processor_config.json "HTTP/1.1 404 Not Found"
[2026-03-22 22:53:05] [INFO] httpx: HTTP Request: HEAD https://huggingface.co/opendatalab/TRivia-3B/resolve/main/video_preprocessor_config.json "HTTP/1.1 404 Not Found"
[2026-03-22 22:53:05] [INFO] httpx: HTTP Request: HEAD https://huggingface.co/opendatalab/TRivia-3B/resolve/main/preprocessor_config.json "HTTP/1.1 307 Temporary Redirect"
[2026-03-22 22:53:05] [INFO] httpx: HTTP Request: HEAD https://huggingface.co/api/resolve-cache/models/opendatalab/TRivia-3B/fcf890f3869afaa9fc768a14e72ab1ff46bfc813/preprocessor_config.json "HTTP/1.1 200 OK"
[2026-03-22 22:53:06] [INFO] evaluate_baselines: TRivia-3B loaded successfully
[2026-03-22 22:53:06] [INFO] __main__: Limited to 50 samples
[2026-03-23 02:29:04] [INFO] utils.seed: All random seeds set to 42
[2026-03-23 02:29:04] [INFO] utils.seed: Using Apple MPS (Metal Performance Shaders)
[2026-03-23 02:29:04] [INFO] __main__: Loading rotation classifier...
[2026-03-23 02:29:04] [INFO] __main__: Rotation classifier loaded from /Users/egorbulanov/Documents/Huawei_tasks/track9/task1/models/rotation_classifier/best_model.pth
[2026-03-23 02:29:04] [INFO] __main__: Limited to 200 samples
[2026-03-23 02:29:04] [INFO] __main__: Phase 1: Predicting rotation angles...
[2026-03-23 02:29:05] [INFO] __main__: Rotation accuracy: 200/200
[2026-03-23 02:29:06] [INFO] __main__: Classifier unloaded, MPS cache cleared
[2026-03-23 02:29:06] [INFO] __main__: Phase 2: Loading VLM and running inference...
[2026-03-23 02:29:06] [INFO] evaluate_baselines: Loading TRivia-3B from opendatalab/TRivia-3B on mps
[2026-03-23 02:29:07] [INFO] httpx: HTTP Request: HEAD https://huggingface.co/opendatalab/TRivia-3B/resolve/main/config.json "HTTP/1.1 307 Temporary Redirect"
[2026-03-23 02:29:07] [INFO] httpx: HTTP Request: HEAD https://huggingface.co/api/resolve-cache/models/opendatalab/TRivia-3B/fcf890f3869afaa9fc768a14e72ab1ff46bfc813/config.json "HTTP/1.1 200 OK"
[2026-03-23 02:29:07] [INFO] httpx: HTTP Request: HEAD https://huggingface.co/opendatalab/TRivia-3B/resolve/main/model.safetensors "HTTP/1.1 404 Not Found"
[2026-03-23 02:29:07] [INFO] httpx: HTTP Request: HEAD https://huggingface.co/opendatalab/TRivia-3B/resolve/main/model.safetensors.index.json "HTTP/1.1 307 Temporary Redirect"
[2026-03-23 02:29:07] [INFO] httpx: HTTP Request: HEAD https://huggingface.co/api/resolve-cache/models/opendatalab/TRivia-3B/fcf890f3869afaa9fc768a14e72ab1ff46bfc813/model.safetensors.index.json "HTTP/1.1 200 OK"
[2026-03-23 02:29:07] [INFO] httpx: HTTP Request: GET https://huggingface.co/api/models/opendatalab/TRivia-3B/revision/main "HTTP/1.1 200 OK"
[2026-03-23 02:29:10] [INFO] httpx: HTTP Request: HEAD https://huggingface.co/opendatalab/TRivia-3B/resolve/main/generation_config.json "HTTP/1.1 307 Temporary Redirect"
[2026-03-23 02:29:11] [INFO] httpx: HTTP Request: HEAD https://huggingface.co/api/resolve-cache/models/opendatalab/TRivia-3B/fcf890f3869afaa9fc768a14e72ab1ff46bfc813/generation_config.json "HTTP/1.1 200 OK"
[2026-03-23 02:29:12] [INFO] httpx: HTTP Request: HEAD https://huggingface.co/opendatalab/TRivia-3B/resolve/main/processor_config.json "HTTP/1.1 404 Not Found"
[2026-03-23 02:29:12] [INFO] httpx: HTTP Request: HEAD https://huggingface.co/opendatalab/TRivia-3B/resolve/main/preprocessor_config.json "HTTP/1.1 307 Temporary Redirect"
[2026-03-23 02:29:12] [INFO] httpx: HTTP Request: HEAD https://huggingface.co/api/resolve-cache/models/opendatalab/TRivia-3B/fcf890f3869afaa9fc768a14e72ab1ff46bfc813/preprocessor_config.json "HTTP/1.1 200 OK"
[2026-03-23 02:29:12] [INFO] httpx: HTTP Request: HEAD https://huggingface.co/opendatalab/TRivia-3B/resolve/main/processor_config.json "HTTP/1.1 404 Not Found"
[2026-03-23 02:29:12] [INFO] httpx: HTTP Request: HEAD https://huggingface.co/opendatalab/TRivia-3B/resolve/main/preprocessor_config.json "HTTP/1.1 307 Temporary Redirect"
[2026-03-23 02:29:12] [INFO] httpx: HTTP Request: HEAD https://huggingface.co/api/resolve-cache/models/opendatalab/TRivia-3B/fcf890f3869afaa9fc768a14e72ab1ff46bfc813/preprocessor_config.json "HTTP/1.1 200 OK"
[2026-03-23 02:29:12] [INFO] httpx: HTTP Request: GET https://huggingface.co/api/models/opendatalab/TRivia-3B/tree/main/additional_chat_templates?recursive=false&expand=false "HTTP/1.1 404 Not Found"
[2026-03-23 02:29:13] [INFO] httpx: HTTP Request: HEAD https://huggingface.co/opendatalab/TRivia-3B/resolve/main/processor_config.json "HTTP/1.1 404 Not Found"
[2026-03-23 02:29:13] [INFO] httpx: HTTP Request: HEAD https://huggingface.co/opendatalab/TRivia-3B/resolve/main/chat_template.json "HTTP/1.1 307 Temporary Redirect"
[2026-03-23 02:29:13] [INFO] httpx: HTTP Request: HEAD https://huggingface.co/api/resolve-cache/models/opendatalab/TRivia-3B/fcf890f3869afaa9fc768a14e72ab1ff46bfc813/chat_template.json "HTTP/1.1 200 OK"
[2026-03-23 02:29:13] [INFO] httpx: HTTP Request: HEAD https://huggingface.co/opendatalab/TRivia-3B/resolve/main/chat_template.jinja "HTTP/1.1 404 Not Found"
[2026-03-23 02:29:13] [INFO] httpx: HTTP Request: HEAD https://huggingface.co/opendatalab/TRivia-3B/resolve/main/audio_tokenizer_config.json "HTTP/1.1 404 Not Found"
[2026-03-23 02:29:13] [INFO] httpx: HTTP Request: HEAD https://huggingface.co/opendatalab/TRivia-3B/resolve/main/processor_config.json "HTTP/1.1 404 Not Found"
[2026-03-23 02:29:14] [INFO] httpx: HTTP Request: HEAD https://huggingface.co/opendatalab/TRivia-3B/resolve/main/preprocessor_config.json "HTTP/1.1 307 Temporary Redirect"
[2026-03-23 02:29:14] [INFO] httpx: HTTP Request: HEAD https://huggingface.co/api/resolve-cache/models/opendatalab/TRivia-3B/fcf890f3869afaa9fc768a14e72ab1ff46bfc813/preprocessor_config.json "HTTP/1.1 200 OK"
[2026-03-23 02:29:14] [INFO] httpx: HTTP Request: HEAD https://huggingface.co/opendatalab/TRivia-3B/resolve/main/processor_config.json "HTTP/1.1 404 Not Found"
[2026-03-23 02:29:14] [INFO] httpx: HTTP Request: HEAD https://huggingface.co/opendatalab/TRivia-3B/resolve/main/preprocessor_config.json "HTTP/1.1 307 Temporary Redirect"
[2026-03-23 02:29:14] [INFO] httpx: HTTP Request: HEAD https://huggingface.co/api/resolve-cache/models/opendatalab/TRivia-3B/fcf890f3869afaa9fc768a14e72ab1ff46bfc813/preprocessor_config.json "HTTP/1.1 200 OK"
[2026-03-23 02:29:14] [INFO] httpx: HTTP Request: HEAD https://huggingface.co/opendatalab/TRivia-3B/resolve/main/config.json "HTTP/1.1 307 Temporary Redirect"
[2026-03-23 02:29:14] [INFO] httpx: HTTP Request: HEAD https://huggingface.co/api/resolve-cache/models/opendatalab/TRivia-3B/fcf890f3869afaa9fc768a14e72ab1ff46bfc813/config.json "HTTP/1.1 200 OK"
[2026-03-23 02:29:14] [INFO] httpx: HTTP Request: HEAD https://huggingface.co/opendatalab/TRivia-3B/resolve/main/tokenizer_config.json "HTTP/1.1 307 Temporary Redirect"
[2026-03-23 02:29:15] [INFO] httpx: HTTP Request: HEAD https://huggingface.co/api/resolve-cache/models/opendatalab/TRivia-3B/fcf890f3869afaa9fc768a14e72ab1ff46bfc813/tokenizer_config.json "HTTP/1.1 200 OK"
[2026-03-23 02:29:15] [INFO] httpx: HTTP Request: GET https://huggingface.co/api/models/opendatalab/TRivia-3B/tree/main/additional_chat_templates?recursive=false&expand=false "HTTP/1.1 404 Not Found"
[2026-03-23 02:29:15] [INFO] httpx: HTTP Request: GET https://huggingface.co/api/models/opendatalab/TRivia-3B/tree/main?recursive=true&expand=false "HTTP/1.1 200 OK"
[2026-03-23 02:29:16] [INFO] httpx: HTTP Request: GET https://huggingface.co/api/models/opendatalab/TRivia-3B "HTTP/1.1 200 OK"
[2026-03-23 02:29:16] [INFO] httpx: HTTP Request: HEAD https://huggingface.co/opendatalab/TRivia-3B/resolve/main/processor_config.json "HTTP/1.1 404 Not Found"
[2026-03-23 02:29:16] [INFO] httpx: HTTP Request: HEAD https://huggingface.co/opendatalab/TRivia-3B/resolve/main/video_preprocessor_config.json "HTTP/1.1 404 Not Found"
[2026-03-23 02:29:16] [INFO] httpx: HTTP Request: HEAD https://huggingface.co/opendatalab/TRivia-3B/resolve/main/preprocessor_config.json "HTTP/1.1 307 Temporary Redirect"
[2026-03-23 02:29:16] [INFO] httpx: HTTP Request: HEAD https://huggingface.co/api/resolve-cache/models/opendatalab/TRivia-3B/fcf890f3869afaa9fc768a14e72ab1ff46bfc813/preprocessor_config.json "HTTP/1.1 200 OK"
[2026-03-23 02:29:16] [INFO] httpx: HTTP Request: HEAD https://huggingface.co/opendatalab/TRivia-3B/resolve/main/processor_config.json "HTTP/1.1 404 Not Found"
[2026-03-23 02:29:16] [INFO] httpx: HTTP Request: HEAD https://huggingface.co/opendatalab/TRivia-3B/resolve/main/video_preprocessor_config.json "HTTP/1.1 404 Not Found"
[2026-03-23 02:29:17] [INFO] httpx: HTTP Request: HEAD https://huggingface.co/opendatalab/TRivia-3B/resolve/main/preprocessor_config.json "HTTP/1.1 307 Temporary Redirect"
[2026-03-23 02:29:17] [INFO] httpx: HTTP Request: HEAD https://huggingface.co/api/resolve-cache/models/opendatalab/TRivia-3B/fcf890f3869afaa9fc768a14e72ab1ff46bfc813/preprocessor_config.json "HTTP/1.1 200 OK"
[2026-03-23 02:29:17] [INFO] evaluate_baselines: TRivia-3B loaded successfully
